DEBUG 2023-06-28 09:57:02,217 utils 20384 9908 (0.000) 
            SELECT
                c.relname,
                CASE
                    WHEN c.relispartition THEN 'p'
                    WHEN c.relkind IN ('m', 'v') THEN 'v'
                    ELSE 't'
                END,
                obj_description(c.oid, 'pg_class')
            FROM pg_catalog.pg_class c
            LEFT JOIN pg_catalog.pg_namespace n ON n.oid = c.relnamespace
            WHERE c.relkind IN ('f', 'm', 'p', 'r', 'v')
                AND n.nspname NOT IN ('pg_catalog', 'pg_toast')
                AND pg_catalog.pg_table_is_visible(c.oid)
        ; args=None; alias=default
DEBUG 2023-06-28 09:57:02,217 utils 20384 9908 (0.000) SELECT "django_migrations"."id", "django_migrations"."app", "django_migrations"."name", "django_migrations"."applied" FROM "django_migrations"; args=(); alias=default
DEBUG 2023-06-28 09:57:06,607 utils 19628 20476 (0.015) 
            SELECT
                c.relname,
                CASE
                    WHEN c.relispartition THEN 'p'
                    WHEN c.relkind IN ('m', 'v') THEN 'v'
                    ELSE 't'
                END,
                obj_description(c.oid, 'pg_class')
            FROM pg_catalog.pg_class c
            LEFT JOIN pg_catalog.pg_namespace n ON n.oid = c.relnamespace
            WHERE c.relkind IN ('f', 'm', 'p', 'r', 'v')
                AND n.nspname NOT IN ('pg_catalog', 'pg_toast')
                AND pg_catalog.pg_table_is_visible(c.oid)
        ; args=None; alias=default
DEBUG 2023-06-28 09:57:06,607 utils 19628 20476 (0.000) SELECT "django_migrations"."id", "django_migrations"."app", "django_migrations"."name", "django_migrations"."applied" FROM "django_migrations"; args=(); alias=default
DEBUG 2023-06-28 09:57:06,607 utils 19628 20476 (0.000) 
            SELECT
                c.relname,
                CASE
                    WHEN c.relispartition THEN 'p'
                    WHEN c.relkind IN ('m', 'v') THEN 'v'
                    ELSE 't'
                END,
                obj_description(c.oid, 'pg_class')
            FROM pg_catalog.pg_class c
            LEFT JOIN pg_catalog.pg_namespace n ON n.oid = c.relnamespace
            WHERE c.relkind IN ('f', 'm', 'p', 'r', 'v')
                AND n.nspname NOT IN ('pg_catalog', 'pg_toast')
                AND pg_catalog.pg_table_is_visible(c.oid)
        ; args=None; alias=default
DEBUG 2023-06-28 09:57:06,607 utils 19628 20476 (0.000) SELECT "django_migrations"."id", "django_migrations"."app", "django_migrations"."name", "django_migrations"."applied" FROM "django_migrations"; args=(); alias=default
DEBUG 2023-06-28 09:57:06,622 utils 19628 20476 (0.000) 
            SELECT
                c.relname,
                CASE
                    WHEN c.relispartition THEN 'p'
                    WHEN c.relkind IN ('m', 'v') THEN 'v'
                    ELSE 't'
                END,
                obj_description(c.oid, 'pg_class')
            FROM pg_catalog.pg_class c
            LEFT JOIN pg_catalog.pg_namespace n ON n.oid = c.relnamespace
            WHERE c.relkind IN ('f', 'm', 'p', 'r', 'v')
                AND n.nspname NOT IN ('pg_catalog', 'pg_toast')
                AND pg_catalog.pg_table_is_visible(c.oid)
        ; args=None; alias=default
DEBUG 2023-06-28 09:57:06,622 utils 19628 20476 (0.000) 
            SELECT
                c.relname,
                CASE
                    WHEN c.relispartition THEN 'p'
                    WHEN c.relkind IN ('m', 'v') THEN 'v'
                    ELSE 't'
                END,
                obj_description(c.oid, 'pg_class')
            FROM pg_catalog.pg_class c
            LEFT JOIN pg_catalog.pg_namespace n ON n.oid = c.relnamespace
            WHERE c.relkind IN ('f', 'm', 'p', 'r', 'v')
                AND n.nspname NOT IN ('pg_catalog', 'pg_toast')
                AND pg_catalog.pg_table_is_visible(c.oid)
        ; args=None; alias=default
DEBUG 2023-06-28 09:57:06,622 utils 19628 20476 (0.000) SELECT "django_migrations"."id", "django_migrations"."app", "django_migrations"."name", "django_migrations"."applied" FROM "django_migrations"; args=(); alias=default
DEBUG 2023-06-28 09:57:06,642 utils 19628 20476 (0.031) SELECT "django_content_type"."id", "django_content_type"."app_label", "django_content_type"."model" FROM "django_content_type" WHERE "django_content_type"."app_label" = 'admin'; args=('admin',); alias=default
DEBUG 2023-06-28 09:57:06,642 utils 19628 20476 (0.000) SELECT "django_content_type"."id", "django_content_type"."app_label", "django_content_type"."model" FROM "django_content_type" WHERE ("django_content_type"."app_label" = 'admin' AND "django_content_type"."model" = 'logentry') LIMIT 21; args=('admin', 'logentry'); alias=default
DEBUG 2023-06-28 09:57:06,642 utils 19628 20476 (0.000) SELECT "auth_permission"."content_type_id", "auth_permission"."codename" FROM "auth_permission" INNER JOIN "django_content_type" ON ("auth_permission"."content_type_id" = "django_content_type"."id") WHERE "auth_permission"."content_type_id" IN (1) ORDER BY "django_content_type"."app_label" ASC, "django_content_type"."model" ASC, "auth_permission"."codename" ASC; args=(1,); alias=default
DEBUG 2023-06-28 09:57:06,642 utils 19628 20476 (0.000) SELECT "django_content_type"."id", "django_content_type"."app_label", "django_content_type"."model" FROM "django_content_type" WHERE "django_content_type"."app_label" = 'admin'; args=('admin',); alias=default
DEBUG 2023-06-28 09:57:06,642 utils 19628 20476 (0.000) SELECT "django_content_type"."id", "django_content_type"."app_label", "django_content_type"."model" FROM "django_content_type" WHERE "django_content_type"."app_label" = 'auth'; args=('auth',); alias=default
DEBUG 2023-06-28 09:57:06,642 utils 19628 20476 (0.000) SELECT "django_content_type"."id", "django_content_type"."app_label", "django_content_type"."model" FROM "django_content_type" WHERE ("django_content_type"."app_label" = 'auth' AND "django_content_type"."model" = 'permission') LIMIT 21; args=('auth', 'permission'); alias=default
DEBUG 2023-06-28 09:57:06,642 utils 19628 20476 (0.000) SELECT "django_content_type"."id", "django_content_type"."app_label", "django_content_type"."model" FROM "django_content_type" WHERE ("django_content_type"."app_label" = 'auth' AND "django_content_type"."model" = 'group') LIMIT 21; args=('auth', 'group'); alias=default
DEBUG 2023-06-28 09:57:06,642 utils 19628 20476 (0.000) SELECT "django_content_type"."id", "django_content_type"."app_label", "django_content_type"."model" FROM "django_content_type" WHERE ("django_content_type"."app_label" = 'auth' AND "django_content_type"."model" = 'user') LIMIT 21; args=('auth', 'user'); alias=default
DEBUG 2023-06-28 09:57:06,658 utils 19628 20476 (0.016) SELECT "auth_permission"."content_type_id", "auth_permission"."codename" FROM "auth_permission" INNER JOIN "django_content_type" ON ("auth_permission"."content_type_id" = "django_content_type"."id") WHERE "auth_permission"."content_type_id" IN (2, 3, 4) ORDER BY "django_content_type"."app_label" ASC, "django_content_type"."model" ASC, "auth_permission"."codename" ASC; args=(2, 3, 4); alias=default
DEBUG 2023-06-28 09:57:06,658 utils 19628 20476 (0.000) SELECT "django_content_type"."id", "django_content_type"."app_label", "django_content_type"."model" FROM "django_content_type" WHERE "django_content_type"."app_label" = 'auth'; args=('auth',); alias=default
DEBUG 2023-06-28 09:57:06,658 utils 19628 20476 (0.000) SELECT "django_content_type"."id", "django_content_type"."app_label", "django_content_type"."model" FROM "django_content_type" WHERE "django_content_type"."app_label" = 'contenttypes'; args=('contenttypes',); alias=default
DEBUG 2023-06-28 09:57:06,658 utils 19628 20476 (0.000) SELECT "django_content_type"."id", "django_content_type"."app_label", "django_content_type"."model" FROM "django_content_type" WHERE ("django_content_type"."app_label" = 'contenttypes' AND "django_content_type"."model" = 'contenttype') LIMIT 21; args=('contenttypes', 'contenttype'); alias=default
DEBUG 2023-06-28 09:57:06,668 utils 19628 20476 (0.000) SELECT "auth_permission"."content_type_id", "auth_permission"."codename" FROM "auth_permission" INNER JOIN "django_content_type" ON ("auth_permission"."content_type_id" = "django_content_type"."id") WHERE "auth_permission"."content_type_id" IN (5) ORDER BY "django_content_type"."app_label" ASC, "django_content_type"."model" ASC, "auth_permission"."codename" ASC; args=(5,); alias=default
DEBUG 2023-06-28 09:57:06,669 utils 19628 20476 (0.000) SELECT "django_content_type"."id", "django_content_type"."app_label", "django_content_type"."model" FROM "django_content_type" WHERE "django_content_type"."app_label" = 'contenttypes'; args=('contenttypes',); alias=default
DEBUG 2023-06-28 09:57:06,671 utils 19628 20476 (0.016) SELECT "django_content_type"."id", "django_content_type"."app_label", "django_content_type"."model" FROM "django_content_type" WHERE "django_content_type"."app_label" = 'sessions'; args=('sessions',); alias=default
DEBUG 2023-06-28 09:57:06,672 utils 19628 20476 (0.000) SELECT "django_content_type"."id", "django_content_type"."app_label", "django_content_type"."model" FROM "django_content_type" WHERE ("django_content_type"."app_label" = 'sessions' AND "django_content_type"."model" = 'session') LIMIT 21; args=('sessions', 'session'); alias=default
DEBUG 2023-06-28 09:57:06,674 utils 19628 20476 (0.000) SELECT "auth_permission"."content_type_id", "auth_permission"."codename" FROM "auth_permission" INNER JOIN "django_content_type" ON ("auth_permission"."content_type_id" = "django_content_type"."id") WHERE "auth_permission"."content_type_id" IN (6) ORDER BY "django_content_type"."app_label" ASC, "django_content_type"."model" ASC, "auth_permission"."codename" ASC; args=(6,); alias=default
DEBUG 2023-06-28 09:57:06,675 utils 19628 20476 (0.000) SELECT "django_content_type"."id", "django_content_type"."app_label", "django_content_type"."model" FROM "django_content_type" WHERE "django_content_type"."app_label" = 'sessions'; args=('sessions',); alias=default
DEBUG 2023-06-28 09:57:06,675 utils 19628 20476 (0.000) SELECT "django_content_type"."id", "django_content_type"."app_label", "django_content_type"."model" FROM "django_content_type" WHERE "django_content_type"."app_label" = 'django_celery_results'; args=('django_celery_results',); alias=default
DEBUG 2023-06-28 09:57:06,677 utils 19628 20476 (0.000) SELECT "django_content_type"."id", "django_content_type"."app_label", "django_content_type"."model" FROM "django_content_type" WHERE ("django_content_type"."app_label" = 'django_celery_results' AND "django_content_type"."model" = 'taskresult') LIMIT 21; args=('django_celery_results', 'taskresult'); alias=default
DEBUG 2023-06-28 09:57:06,678 utils 19628 20476 (0.000) SELECT "django_content_type"."id", "django_content_type"."app_label", "django_content_type"."model" FROM "django_content_type" WHERE ("django_content_type"."app_label" = 'django_celery_results' AND "django_content_type"."model" = 'chordcounter') LIMIT 21; args=('django_celery_results', 'chordcounter'); alias=default
DEBUG 2023-06-28 09:57:06,679 utils 19628 20476 (0.000) SELECT "django_content_type"."id", "django_content_type"."app_label", "django_content_type"."model" FROM "django_content_type" WHERE ("django_content_type"."app_label" = 'django_celery_results' AND "django_content_type"."model" = 'groupresult') LIMIT 21; args=('django_celery_results', 'groupresult'); alias=default
DEBUG 2023-06-28 09:57:06,680 utils 19628 20476 (0.000) SELECT "auth_permission"."content_type_id", "auth_permission"."codename" FROM "auth_permission" INNER JOIN "django_content_type" ON ("auth_permission"."content_type_id" = "django_content_type"."id") WHERE "auth_permission"."content_type_id" IN (9, 10, 11) ORDER BY "django_content_type"."app_label" ASC, "django_content_type"."model" ASC, "auth_permission"."codename" ASC; args=(9, 10, 11); alias=default
DEBUG 2023-06-28 09:57:06,681 utils 19628 20476 (0.000) SELECT "django_content_type"."id", "django_content_type"."app_label", "django_content_type"."model" FROM "django_content_type" WHERE "django_content_type"."app_label" = 'django_celery_results'; args=('django_celery_results',); alias=default
DEBUG 2023-06-28 09:57:06,682 utils 19628 20476 (0.000) SELECT "django_content_type"."id", "django_content_type"."app_label", "django_content_type"."model" FROM "django_content_type" WHERE "django_content_type"."app_label" = 'harvester'; args=('harvester',); alias=default
DEBUG 2023-06-28 09:57:06,683 utils 19628 20476 (0.000) SELECT "django_content_type"."id", "django_content_type"."app_label", "django_content_type"."model" FROM "django_content_type" WHERE ("django_content_type"."app_label" = 'harvester' AND "django_content_type"."model" = 'query') LIMIT 21; args=('harvester', 'query'); alias=default
DEBUG 2023-06-28 09:57:06,684 utils 19628 20476 (0.000) SELECT "django_content_type"."id", "django_content_type"."app_label", "django_content_type"."model" FROM "django_content_type" WHERE ("django_content_type"."app_label" = 'harvester' AND "django_content_type"."model" = 'video') LIMIT 21; args=('harvester', 'video'); alias=default
DEBUG 2023-06-28 09:57:06,684 utils 19628 20476 (0.000) SELECT "django_content_type"."id", "django_content_type"."app_label", "django_content_type"."model" FROM "django_content_type" WHERE ("django_content_type"."app_label" = 'harvester' AND "django_content_type"."model" = 'systemstate') LIMIT 21; args=('harvester', 'systemstate'); alias=default
DEBUG 2023-06-28 09:57:06,686 utils 19628 20476 (0.000) SELECT "auth_permission"."content_type_id", "auth_permission"."codename" FROM "auth_permission" INNER JOIN "django_content_type" ON ("auth_permission"."content_type_id" = "django_content_type"."id") WHERE "auth_permission"."content_type_id" IN (8, 13, 7) ORDER BY "django_content_type"."app_label" ASC, "django_content_type"."model" ASC, "auth_permission"."codename" ASC; args=(8, 13, 7); alias=default
DEBUG 2023-06-28 09:57:06,687 utils 19628 20476 (0.015) SELECT "django_content_type"."id", "django_content_type"."app_label", "django_content_type"."model" FROM "django_content_type" WHERE "django_content_type"."app_label" = 'harvester'; args=('harvester',); alias=default
DEBUG 2023-06-28 09:57:06,687 utils 19628 20476 (0.000) SELECT "django_content_type"."id", "django_content_type"."app_label", "django_content_type"."model" FROM "django_content_type" WHERE "django_content_type"."app_label" = 'youtubeapi'; args=('youtubeapi',); alias=default
DEBUG 2023-06-28 09:57:06,688 utils 19628 20476 (0.000) SELECT "django_content_type"."id", "django_content_type"."app_label", "django_content_type"."model" FROM "django_content_type" WHERE ("django_content_type"."app_label" = 'youtubeapi' AND "django_content_type"."model" = 'apikey') LIMIT 21; args=('youtubeapi', 'apikey'); alias=default
DEBUG 2023-06-28 09:57:06,689 utils 19628 20476 (0.000) SELECT "auth_permission"."content_type_id", "auth_permission"."codename" FROM "auth_permission" INNER JOIN "django_content_type" ON ("auth_permission"."content_type_id" = "django_content_type"."id") WHERE "auth_permission"."content_type_id" IN (12) ORDER BY "django_content_type"."app_label" ASC, "django_content_type"."model" ASC, "auth_permission"."codename" ASC; args=(12,); alias=default
DEBUG 2023-06-28 09:57:06,690 utils 19628 20476 (0.000) SELECT "django_content_type"."id", "django_content_type"."app_label", "django_content_type"."model" FROM "django_content_type" WHERE "django_content_type"."app_label" = 'youtubeapi'; args=('youtubeapi',); alias=default
DEBUG 2023-06-28 09:57:12,287 utils 21156 19516 (0.016) 
            SELECT
                c.relname,
                CASE
                    WHEN c.relispartition THEN 'p'
                    WHEN c.relkind IN ('m', 'v') THEN 'v'
                    ELSE 't'
                END,
                obj_description(c.oid, 'pg_class')
            FROM pg_catalog.pg_class c
            LEFT JOIN pg_catalog.pg_namespace n ON n.oid = c.relnamespace
            WHERE c.relkind IN ('f', 'm', 'p', 'r', 'v')
                AND n.nspname NOT IN ('pg_catalog', 'pg_toast')
                AND pg_catalog.pg_table_is_visible(c.oid)
        ; args=None; alias=default
DEBUG 2023-06-28 09:57:12,294 utils 21156 19516 (0.000) SELECT "django_migrations"."id", "django_migrations"."app", "django_migrations"."name", "django_migrations"."applied" FROM "django_migrations"; args=(); alias=default
DEBUG 2023-06-28 09:57:30,686 utils 21156 10324 (0.015) SELECT "harvester_systemstate"."id", "harvester_systemstate"."is_running" FROM "harvester_systemstate" WHERE "harvester_systemstate"."id" = 1 LIMIT 21; args=(1,); alias=default
DEBUG 2023-06-28 09:57:30,691 utils 21156 10324 (0.000) SELECT "youtubeapi_apikey"."id", "youtubeapi_apikey"."key" FROM "youtubeapi_apikey" WHERE "youtubeapi_apikey"."id" = 1 LIMIT 21; args=(1,); alias=default
DEBUG 2023-06-28 09:57:42,834 utils 21156 15852 (0.000) SELECT "harvester_systemstate"."id", "harvester_systemstate"."is_running" FROM "harvester_systemstate" WHERE "harvester_systemstate"."id" = 1 LIMIT 21; args=(1,); alias=default
DEBUG 2023-06-28 09:57:42,850 utils 21156 15852 (0.015) UPDATE "harvester_systemstate" SET "is_running" = true WHERE "harvester_systemstate"."id" = 1; args=(True, 1); alias=default
DEBUG 2023-06-28 09:57:42,991 utils 15376 12144 (0.000) SELECT "youtubeapi_apikey"."id", "youtubeapi_apikey"."key" FROM "youtubeapi_apikey" ORDER BY "youtubeapi_apikey"."id" DESC LIMIT 1; args=(); alias=default
DEBUG 2023-06-28 09:57:43,036 utils 15376 12144 (0.000) SELECT "harvester_systemstate"."id", "harvester_systemstate"."is_running" FROM "harvester_systemstate" ORDER BY "harvester_systemstate"."id" ASC LIMIT 1; args=(); alias=default
DEBUG 2023-06-28 09:57:43,036 utils 15376 12144 (0.000) SELECT "harvester_query"."id", "harvester_query"."query" FROM "harvester_query" ORDER BY RANDOM() ASC LIMIT 1; args=(); alias=default
DEBUG 2023-06-28 09:57:44,754 utils 21156 15852 (0.000) SELECT "harvester_systemstate"."id", "harvester_systemstate"."is_running" FROM "harvester_systemstate" WHERE "harvester_systemstate"."id" = 1 LIMIT 21; args=(1,); alias=default
DEBUG 2023-06-28 09:57:44,756 utils 21156 15852 (0.000) SELECT "youtubeapi_apikey"."id", "youtubeapi_apikey"."key" FROM "youtubeapi_apikey" WHERE "youtubeapi_apikey"."id" = 1 LIMIT 21; args=(1,); alias=default
DEBUG 2023-06-28 09:58:22,699 utils 21156 9432 (0.000) SELECT "harvester_systemstate"."id", "harvester_systemstate"."is_running" FROM "harvester_systemstate" WHERE "harvester_systemstate"."id" = 1 LIMIT 21; args=(1,); alias=default
DEBUG 2023-06-28 09:58:22,702 utils 21156 9432 (0.016) UPDATE "harvester_systemstate" SET "is_running" = false WHERE "harvester_systemstate"."id" = 1; args=(False, 1); alias=default
DEBUG 2023-06-28 09:58:23,753 utils 21156 9432 (0.000) SELECT "harvester_systemstate"."id", "harvester_systemstate"."is_running" FROM "harvester_systemstate" WHERE "harvester_systemstate"."id" = 1 LIMIT 21; args=(1,); alias=default
DEBUG 2023-06-28 09:58:23,755 utils 21156 9432 (0.000) SELECT "youtubeapi_apikey"."id", "youtubeapi_apikey"."key" FROM "youtubeapi_apikey" WHERE "youtubeapi_apikey"."id" = 1 LIMIT 21; args=(1,); alias=default
DEBUG 2023-06-28 09:59:20,245 utils 21156 10828 (0.000) SELECT "harvester_systemstate"."id", "harvester_systemstate"."is_running" FROM "harvester_systemstate" WHERE "harvester_systemstate"."id" = 1 LIMIT 21; args=(1,); alias=default
DEBUG 2023-06-28 09:59:20,245 utils 21156 10828 (0.000) UPDATE "harvester_systemstate" SET "is_running" = true WHERE "harvester_systemstate"."id" = 1; args=(True, 1); alias=default
DEBUG 2023-06-28 09:59:20,321 utils 15376 12144 (0.000) SELECT "youtubeapi_apikey"."id", "youtubeapi_apikey"."key" FROM "youtubeapi_apikey" ORDER BY "youtubeapi_apikey"."id" DESC LIMIT 1; args=(); alias=default
DEBUG 2023-06-28 09:59:20,336 utils 15376 12144 (0.000) SELECT "harvester_systemstate"."id", "harvester_systemstate"."is_running" FROM "harvester_systemstate" ORDER BY "harvester_systemstate"."id" ASC LIMIT 1; args=(); alias=default
DEBUG 2023-06-28 09:59:20,336 utils 15376 12144 (0.000) SELECT "harvester_query"."id", "harvester_query"."query" FROM "harvester_query" ORDER BY RANDOM() ASC LIMIT 1; args=(); alias=default
DEBUG 2023-06-28 09:59:21,238 utils 21156 10828 (0.000) SELECT "harvester_systemstate"."id", "harvester_systemstate"."is_running" FROM "harvester_systemstate" WHERE "harvester_systemstate"."id" = 1 LIMIT 21; args=(1,); alias=default
DEBUG 2023-06-28 09:59:21,238 utils 21156 10828 (0.000) SELECT "youtubeapi_apikey"."id", "youtubeapi_apikey"."key" FROM "youtubeapi_apikey" WHERE "youtubeapi_apikey"."id" = 1 LIMIT 21; args=(1,); alias=default
DEBUG 2023-06-28 09:59:21,318 utils 15376 12144 (0.000) SELECT 1 AS "a" FROM "harvester_video" WHERE "harvester_video"."video_id" = 'hBnKRERgqMs' LIMIT 1; args=(1, 'hBnKRERgqMs'); alias=default
DEBUG 2023-06-28 09:59:21,899 utils 15376 12144 (0.000) SELECT 1 AS "a" FROM "harvester_video" WHERE "harvester_video"."video_id" = 'PP98c7mEZBQ' LIMIT 1; args=(1, 'PP98c7mEZBQ'); alias=default
DEBUG 2023-06-28 09:59:22,259 utils 15376 12144 (0.000) SELECT 1 AS "a" FROM "harvester_video" WHERE "harvester_video"."video_id" = 'Y3otoz6HTS8' LIMIT 1; args=(1, 'Y3otoz6HTS8'); alias=default
DEBUG 2023-06-28 09:59:22,615 utils 15376 12144 (0.000) SELECT 1 AS "a" FROM "harvester_video" WHERE "harvester_video"."video_id" = 'BhhOUaXwLy0' LIMIT 1; args=(1, 'BhhOUaXwLy0'); alias=default
DEBUG 2023-06-28 09:59:23,014 utils 15376 12144 (0.015) SELECT 1 AS "a" FROM "harvester_video" WHERE "harvester_video"."video_id" = 'ZN0-7tN_oJk' LIMIT 1; args=(1, 'ZN0-7tN_oJk'); alias=default
DEBUG 2023-06-28 09:59:23,545 utils 15376 12144 (0.000) SELECT 1 AS "a" FROM "harvester_video" WHERE "harvester_video"."video_id" = 'FaDQ2MBsbJQ' LIMIT 1; args=(1, 'FaDQ2MBsbJQ'); alias=default
DEBUG 2023-06-28 09:59:24,150 utils 15376 12144 (0.000) SELECT 1 AS "a" FROM "harvester_video" WHERE "harvester_video"."video_id" = '7tZ5FJ_eQ8Y' LIMIT 1; args=(1, '7tZ5FJ_eQ8Y'); alias=default
DEBUG 2023-06-28 09:59:24,511 utils 15376 12144 (0.000) SELECT 1 AS "a" FROM "harvester_video" WHERE "harvester_video"."video_id" = '12fdcTJ04Kg' LIMIT 1; args=(1, '12fdcTJ04Kg'); alias=default
DEBUG 2023-06-28 09:59:26,231 utils 15376 12144 (0.000) SELECT 1 AS "a" FROM "harvester_video" WHERE "harvester_video"."video_id" = 'IUFde_r1140' LIMIT 1; args=(1, 'IUFde_r1140'); alias=default
DEBUG 2023-06-28 09:59:26,624 utils 15376 12144 (0.000) SELECT 1 AS "a" FROM "harvester_video" WHERE "harvester_video"."video_id" = '42GYolKIKnc' LIMIT 1; args=(1, '42GYolKIKnc'); alias=default
DEBUG 2023-06-28 09:59:27,247 utils 15376 12144 (0.000) SELECT 1 AS "a" FROM "harvester_video" WHERE "harvester_video"."video_id" = 'vdUmXZa1QWg' LIMIT 1; args=(1, 'vdUmXZa1QWg'); alias=default
DEBUG 2023-06-28 09:59:27,644 utils 15376 12144 (0.000) SELECT 1 AS "a" FROM "harvester_video" WHERE "harvester_video"."video_id" = 'wUQaUcDCfIk' LIMIT 1; args=(1, 'wUQaUcDCfIk'); alias=default
DEBUG 2023-06-28 09:59:28,938 utils 15376 12144 (0.000) INSERT INTO "harvester_video" ("video_id", "subtitle") VALUES ('wUQaUcDCfIk', 'hindi bhasa ka computrikaran') RETURNING "harvester_video"."id"; args=('wUQaUcDCfIk', 'hindi bhasa ka computrikaran'); alias=default
DEBUG 2023-06-28 09:59:28,938 utils 15376 12144 (0.000) INSERT INTO "harvester_query" ("query") VALUES ('hindi bhasa ka computrikaran') RETURNING "harvester_query"."id"; args=('hindi bhasa ka computrikaran',); alias=default
DEBUG 2023-06-28 09:59:28,938 utils 15376 12144 (0.000) SELECT 1 AS "a" FROM "harvester_video" WHERE "harvester_video"."video_id" = 'Jyst8oIHOAY' LIMIT 1; args=(1, 'Jyst8oIHOAY'); alias=default
DEBUG 2023-06-28 09:59:30,761 utils 15376 12144 (0.000) SELECT 1 AS "a" FROM "harvester_video" WHERE "harvester_video"."video_id" = 'v7Lyz24yoZg' LIMIT 1; args=(1, 'v7Lyz24yoZg'); alias=default
DEBUG 2023-06-28 09:59:31,409 utils 15376 12144 (0.000) SELECT 1 AS "a" FROM "harvester_video" WHERE "harvester_video"."video_id" = 'wh6gt3IkRKk' LIMIT 1; args=(1, 'wh6gt3IkRKk'); alias=default
DEBUG 2023-06-28 09:59:31,778 utils 15376 12144 (0.000) SELECT 1 AS "a" FROM "harvester_video" WHERE "harvester_video"."video_id" = '6HrBfoHP7mg' LIMIT 1; args=(1, '6HrBfoHP7mg'); alias=default
DEBUG 2023-06-28 09:59:32,351 utils 15376 12144 (0.000) SELECT 1 AS "a" FROM "harvester_video" WHERE "harvester_video"."video_id" = 'vMWivAXG_kw' LIMIT 1; args=(1, 'vMWivAXG_kw'); alias=default
DEBUG 2023-06-28 09:59:33,906 utils 15376 12144 (0.000) SELECT 1 AS "a" FROM "harvester_video" WHERE "harvester_video"."video_id" = 'GRRlVUYFDAI' LIMIT 1; args=(1, 'GRRlVUYFDAI'); alias=default
DEBUG 2023-06-28 09:59:35,354 utils 15376 12144 (0.000) SELECT 1 AS "a" FROM "harvester_video" WHERE "harvester_video"."video_id" = '8f3OrhqRnbk' LIMIT 1; args=(1, '8f3OrhqRnbk'); alias=default
DEBUG 2023-06-28 09:59:35,901 utils 15376 12144 (0.000) SELECT 1 AS "a" FROM "harvester_video" WHERE "harvester_video"."video_id" = 'wa35CtOObp0' LIMIT 1; args=(1, 'wa35CtOObp0'); alias=default
DEBUG 2023-06-28 09:59:37,313 utils 15376 12144 (0.015) INSERT INTO "harvester_video" ("video_id", "subtitle") VALUES ('wa35CtOObp0', 'Pun Toon Kids... ... Value of words... ... Once upon a time a family
lived in a city. ... Apart from the parents... ... the family had 7 years old Aditi
and 5 years old Aditya too. ... They were siblings... ... but were very different
from each other. ... Aditya spoke very less... ... while Aditi was very talkative. ... She would speak on every matter and
sometimes for no reason at all. ... Mother,
today at school the teacher asked... ... the students questions one by one. ... And when it was my turn I answered
the question even... ... before the teacher could
finish their question. ... But the teacher still gave me
only five marks out of ten. ... Her mother tried to make
her understand... ... that she should speak less. ... Aditi,
we should speak less and sweetly. ... If we speak a lot... ... then people stop paying attention
to what we speak. ... But she always told
her mother that... ... Mother, I speak so less. ... In fact I don''t even know what
speaking a lot means. ... One day their aunt came
to stay with them. ... And she also got toys
for the two kids. ... Aditya, here is a robot for you. ... And Aditi, here is your doll. ... Aditya kept his gift quietly. ... Thank you aunty. ... But Aditi like always started
speaking again. ... Aunty, why did you get this doll? ... I have this doll already. ... If you''d asked me then I would''ve
told you which doll I want. ... Okay Aditi,
next time I''ll ask you. ... You don''t need to ask me, take me
to the shop with you next time. ... I will choose a nice doll for me... ... and then you can buy it for me.
- Okay. ... Okay then let''s go right now. ... Right now?
I''m very tired right now. ... Yes, you are tired now. ... So then tell me when will
you take me to the shop? ... What?
- Aditi, stop annoying your aunty. ... Come inside.
- I''m not irritating her. ... I am just talking to aunty. ... The next day,
aunty and her mother were talking. ... We will be going to Nainital
for summer holidays. ... And then Aditi came there... ... and started speaking like always. ... We went to Nainital last time. ... And before that we went to my
grandmother''s house in Dehradun. ... Have you been to Dehradun? ... Yes, one time...
- We go there every time. ... We have gone there many times. ... You should go too. ... It is a great place in summer time. ... You will love that place. ... Come, let us go to the kitchen. ... And then go to Nainital too. ... You will love that place too. ... That evening,
aunty and Aditi''s father... ... were talking. ... Sister, I am glad to see you here. ... I never get the time to visit you. ... No problem. ... I know that you are busy with work. ... And so I came here. ... Then Aditi got there and said... ... Papa, I have to tell you something. ... Not now.
I''m talking to aunty right now. ... Okay. You talk to her first then. ... Then she sat right there... ... and waited for them
to finish talking. ... They kept talking. ... I heard you got gifts
for the children. ... Didn''t you get anything for me? ... I got a gift for you too.
Here you go. ... This shirt is so nice. ... And then Aditi couldn''t
keep shut anymore. ... And then she spoke. ... Papa, your gift is so nice. ... Aunty, you brought such
a nice gift for Papa. ... So this means that you
can buy good gifts. ... Yes, she selects really nice gifts. ... But I don''t know why she got
that small doll for me. ... Papa, do you know... ... aunty got me a doll. ... I have dolls anyway. ... And so I told aunty to get
me some other gift. ... And aunty said that next
time she would... ... ask me before she gets me a gift. ... This continued for a few more days. ... Aditi''s habit of speaking out
of turn kept on going. ... You are eating now? ... I ate earlier. ... You''re sleeping now?
I sleep late at night. ... You''re waking up now?
I wake up early in the morning. ... Aunty was angry with
Aditi''s words but... ... she said nothing to her. ... When after three days it was finally
time for aunty to leave... ... she asked the kids... ... So tell me,
what should I get for you next time? ... Aunty, you just get here. ... Then we can go to the
market together... ... and buy my favourite toys. ... Aunty, get sweets for us next time. ... Okay Aditya,
I''ll get sweets for you next time. ... She said this and left. ... But Aditi was upset about
her aunty''s words. ... She told her mother sadly... ... Aunty, didn''t listen to my words... ... but she listened to brother''s. ... Mother tried to make her understand. ... Aditi,
this is why I ask you to speak less. ... When we speak less and sweetly
then our words have value. ... And if we speak a lot... ... then no one pays attention
to our words. ... Aditi understood her mother''s
point and said... ... You are right mother. ... I''ll never speak for no
reason after this. ... And this is how Aditi got rid
of her talkative behaviour. ... She started speaking less. ... So kids,
from this story we''ve learnt... ... that we should speak
less and sweetly. ... That''s how our words have value. ... If you like our videos
then please... ... like, comment and subscribe.') RETURNING "harvester_video"."id"; args=('wa35CtOObp0', "Pun Toon Kids... ... Value of words... ... Once upon a time a family\nlived in a city. ... Apart from the parents... ... the family had 7 years old Aditi\nand 5 years old Aditya too. ... They were siblings... ... but were very different\nfrom each other. ... Aditya spoke very less... ... while Aditi was very talkative. ... She would speak on every matter and\nsometimes for no reason at all. ... Mother,\ntoday at school the teacher asked... ... the students questions one by one. ... And when it was my turn I answered\nthe question even... ... before the teacher could\nfinish their question. ... But the teacher still gave me\nonly five marks out of ten. ... Her mother tried to make\nher understand... ... that she should speak less. ... Aditi,\nwe should speak less and sweetly. ... If we speak a lot... ... then people stop paying attention\nto what we speak. ... But she always told\nher mother that... ... Mother, I speak so less. ... In fact I don't even know what\nspeaking a lot means. ... One day their aunt came\nto stay with them. ... And she also got toys\nfor the two kids. ... Aditya, here is a robot for you. ... And Aditi, here is your doll. ... Aditya kept his gift quietly. ... Thank you aunty. ... But Aditi like always started\nspeaking again. ... Aunty, why did you get this doll? ... I have this doll already. ... If you'd asked me then I would've\ntold you which doll I want. ... Okay Aditi,\nnext time I'll ask you. ... You don't need to ask me, take me\nto the shop with you next time. ... I will choose a nice doll for me... ... and then you can buy it for me.\n- Okay. ... Okay then let's go right now. ... Right now?\nI'm very tired right now. ... Yes, you are tired now. ... So then tell me when will\nyou take me to the shop? ... What?\n- Aditi, stop annoying your aunty. ... Come inside.\n- I'm not irritating her. ... I am just talking to aunty. ... The next day,\naunty and her mother were talking. ... We will be going to Nainital\nfor summer holidays. ... And then Aditi came there... ... and started speaking like always. ... We went to Nainital last time. ... And before that we went to my\ngrandmother's house in Dehradun. ... Have you been to Dehradun? ... Yes, one time...\n- We go there every time. ... We have gone there many times. ... You should go too. ... It is a great place in summer time. ... You will love that place. ... Come, let us go to the kitchen. ... And then go to Nainital too. ... You will love that place too. ... That evening,\naunty and Aditi's father... ... were talking. ... Sister, I am glad to see you here. ... I never get the time to visit you. ... No problem. ... I know that you are busy with work. ... And so I came here. ... Then Aditi got there and said... ... Papa, I have to tell you something. ... Not now.\nI'm talking to aunty right now. ... Okay. You talk to her first then. ... Then she sat right there... ... and waited for them\nto finish talking. ... They kept talking. ... I heard you got gifts\nfor the children. ... Didn't you get anything for me? ... I got a gift for you too.\nHere you go. ... This shirt is so nice. ... And then Aditi couldn't\nkeep shut anymore. ... And then she spoke. ... Papa, your gift is so nice. ... Aunty, you brought such\na nice gift for Papa. ... So this means that you\ncan buy good gifts. ... Yes, she selects really nice gifts. ... But I don't know why she got\nthat small doll for me. ... Papa, do you know... ... aunty got me a doll. ... I have dolls anyway. ... And so I told aunty to get\nme some other gift. ... And aunty said that next\ntime she would... ... ask me before she gets me a gift. ... This continued for a few more days. ... Aditi's habit of speaking out\nof turn kept on going. ... You are eating now? ... I ate earlier. ... You're sleeping now?\nI sleep late at night. ... You're waking up now?\nI wake up early in the morning. ... Aunty was angry with\nAditi's words but... ... she said nothing to her. ... When after three days it was finally\ntime for aunty to leave... ... she asked the kids... ... So tell me,\nwhat should I get for you next time? ... Aunty, you just get here. ... Then we can go to the\nmarket together... ... and buy my favourite toys. ... Aunty, get sweets for us next time. ... Okay Aditya,\nI'll get sweets for you next time. ... She said this and left. ... But Aditi was upset about\nher aunty's words. ... She told her mother sadly... ... Aunty, didn't listen to my words... ... but she listened to brother's. ... Mother tried to make her understand. ... Aditi,\nthis is why I ask you to speak less. ... When we speak less and sweetly\nthen our words have value. ... And if we speak a lot... ... then no one pays attention\nto our words. ... Aditi understood her mother's\npoint and said... ... You are right mother. ... I'll never speak for no\nreason after this. ... And this is how Aditi got rid\nof her talkative behaviour. ... She started speaking less. ... So kids,\nfrom this story we've learnt... ... that we should speak\nless and sweetly. ... That's how our words have value. ... If you like our videos\nthen please... ... like, comment and subscribe."); alias=default
DEBUG 2023-06-28 09:59:37,316 utils 15376 12144 (0.000) INSERT INTO "harvester_query" ("query") VALUES ('Sister, I am glad to see you here.') RETURNING "harvester_query"."id"; args=('Sister, I am glad to see you here.',); alias=default
DEBUG 2023-06-28 09:59:37,318 utils 15376 12144 (0.000) SELECT 1 AS "a" FROM "harvester_video" WHERE "harvester_video"."video_id" = 'QM7efIS_7lA' LIMIT 1; args=(1, 'QM7efIS_7lA'); alias=default
DEBUG 2023-06-28 09:59:39,343 utils 15376 12144 (0.015) SELECT 1 AS "a" FROM "harvester_video" WHERE "harvester_video"."video_id" = 'PInSccaJJHc' LIMIT 1; args=(1, 'PInSccaJJHc'); alias=default
DEBUG 2023-06-28 09:59:40,700 utils 15376 12144 (0.000) SELECT 1 AS "a" FROM "harvester_video" WHERE "harvester_video"."video_id" = '6TeNDZPoA2k' LIMIT 1; args=(1, '6TeNDZPoA2k'); alias=default
DEBUG 2023-06-28 09:59:41,367 utils 15376 12144 (0.000) SELECT 1 AS "a" FROM "harvester_video" WHERE "harvester_video"."video_id" = 'ldpAbDaFl10' LIMIT 1; args=(1, 'ldpAbDaFl10'); alias=default
DEBUG 2023-06-28 09:59:42,924 utils 15376 12144 (0.000) SELECT 1 AS "a" FROM "harvester_video" WHERE "harvester_video"."video_id" = 'b9VAA4HERH0' LIMIT 1; args=(1, 'b9VAA4HERH0'); alias=default
DEBUG 2023-06-28 09:59:44,470 utils 15376 12144 (0.000) SELECT 1 AS "a" FROM "harvester_video" WHERE "harvester_video"."video_id" = 't7eL8fVfg6Q' LIMIT 1; args=(1, 't7eL8fVfg6Q'); alias=default
DEBUG 2023-06-28 09:59:45,856 utils 15376 12144 (0.000) SELECT 1 AS "a" FROM "harvester_video" WHERE "harvester_video"."video_id" = 'M0pMtUMcxJA' LIMIT 1; args=(1, 'M0pMtUMcxJA'); alias=default
DEBUG 2023-06-28 09:59:46,407 utils 15376 12144 (0.000) SELECT 1 AS "a" FROM "harvester_video" WHERE "harvester_video"."video_id" = 'PUkYTCOAhw4' LIMIT 1; args=(1, 'PUkYTCOAhw4'); alias=default
DEBUG 2023-06-28 09:59:48,111 utils 15376 12144 (0.000) SELECT 1 AS "a" FROM "harvester_video" WHERE "harvester_video"."video_id" = 'SLVcfGj-haY' LIMIT 1; args=(1, 'SLVcfGj-haY'); alias=default
DEBUG 2023-06-28 09:59:49,602 utils 15376 12144 (0.000) SELECT 1 AS "a" FROM "harvester_video" WHERE "harvester_video"."video_id" = 'lFZpPpSU3k0' LIMIT 1; args=(1, 'lFZpPpSU3k0'); alias=default
DEBUG 2023-06-28 09:59:50,203 utils 15376 12144 (0.000) SELECT 1 AS "a" FROM "harvester_video" WHERE "harvester_video"."video_id" = 'gfDE2a7MKjA' LIMIT 1; args=(1, 'gfDE2a7MKjA'); alias=default
DEBUG 2023-06-28 09:59:50,554 utils 15376 12144 (0.016) SELECT 1 AS "a" FROM "harvester_video" WHERE "harvester_video"."video_id" = 'K8b30OxpGAI' LIMIT 1; args=(1, 'K8b30OxpGAI'); alias=default
DEBUG 2023-06-28 09:59:50,866 utils 15376 12144 (0.000) SELECT 1 AS "a" FROM "harvester_video" WHERE "harvester_video"."video_id" = 'ksY3wb4vtlA' LIMIT 1; args=(1, 'ksY3wb4vtlA'); alias=default
DEBUG 2023-06-28 09:59:52,366 utils 15376 12144 (0.000) INSERT INTO "harvester_video" ("video_id", "subtitle") VALUES ('ksY3wb4vtlA', 'Ho jo na paas tu to
aati dhangh se saanse nahi, ... Chidhchida sa rehta hu
main lagta hu kuch khaas nahi ... Jabse marne lage hai tujhpe,
bachne ki koi aas nahi mere ... Zindagi main aayi jabse vibe 
hi badal gayi ... Ghumta tha main aawara,
life si sambhal gayi ... Duniya meri dark si mein
light si ek jal gayi, yeaah ... Teri baaton main dil kho sa gaya ... Meri raaton main din ho sa gaya ... Pyaar kehete jisko, 
finally wo ho sa gaya ... Finally, finally, finally ... Raaha na pehle sa shy ab,
samjh main kuch naa aaye ab ... Bolo na kya kia jaaye ab ... Aankhon se neenden hai gaayab ... Khush main itna kyu hun? ... Tujhko tavajjo main kyu dun? ... Jaane kya hua mujhe, ... Tere pyaar main chamku jaise jugnu ... Baadal bhi dhikhte
mujhko dil ke shape main ... Happiness si rehne 
lagi meri jeb main ... Haarne main hai maza 
yeh wo game hai ... Haalat jo hai teri 
meri bhi same hai ... Teri baaton main dil kho sa gaya ... Teri raaton main din ho sa gya ... Pyaar kehete jisko, 
finally wo ho sa gaya ... Finally, finally, finally ... Rahi na pehle si shy ab,
samjh main kuch naa aaye ab ... Bolo na kya kia jaaye ab ... Aankhon se neenden hai gaayab ... Khush hu main itna kyu hun? ... Tujhko tavajjo main kyu dun? ... Jaane kya hua mujhe, ... Tere pyaar main chamku jaise jugnu ... Tujhko ab door mujhse, ... Kuch na tujhse pehle tha ... kar na koi payega ... kuch na tere baad mein ... Sochna kya jaanejana ... Yeh haath tere haath mein ... Jo hoga dekha jayega ... Yeh duniya jaaye bhaadh mein ... Mujhko ab door mujhse, kar na koi payega ... Sochna kya jaanejana, jo hoga dekha jayega ... Raaha na pehle sa shy ab,
samjh main kuch naa aaye ab ... Bolo na kya kia jaaye ab ... Aankhon se neenden hai gaayab ... Khush main itna kyu hu? ... Tujhko tavajjo main kyu dun? ... Jaane kya hua mujhe, ... Tere pyaar main chamku jaise jugnu') RETURNING "harvester_video"."id"; args=('ksY3wb4vtlA', 'Ho jo na paas tu to\naati dhangh se saanse nahi, ... Chidhchida sa rehta hu\nmain lagta hu kuch khaas nahi ... Jabse marne lage hai tujhpe,\nbachne ki koi aas nahi mere ... Zindagi main aayi jabse vibe \nhi badal gayi ... Ghumta tha main aawara,\nlife si sambhal gayi ... Duniya meri dark si mein\nlight si ek jal gayi, yeaah ... Teri baaton main dil kho sa gaya ... Meri raaton main din ho sa gaya ... Pyaar kehete jisko, \nfinally wo ho sa gaya ... Finally, finally, finally ... Raaha na pehle sa shy ab,\nsamjh main kuch naa aaye ab ... Bolo na kya kia jaaye ab ... Aankhon se neenden hai gaayab ... Khush main itna kyu hun? ... Tujhko tavajjo main kyu dun? ... Jaane kya hua mujhe, ... Tere pyaar main chamku jaise jugnu ... Baadal bhi dhikhte\nmujhko dil ke shape main ... Happiness si rehne \nlagi meri jeb main ... Haarne main hai maza \nyeh wo game hai ... Haalat jo hai teri \nmeri bhi same hai ... Teri baaton main dil kho sa gaya ... Teri raaton main din ho sa gya ... Pyaar kehete jisko, \nfinally wo ho sa gaya ... Finally, finally, finally ... Rahi na pehle si shy ab,\nsamjh main kuch naa aaye ab ... Bolo na kya kia jaaye ab ... Aankhon se neenden hai gaayab ... Khush hu main itna kyu hun? ... Tujhko tavajjo main kyu dun? ... Jaane kya hua mujhe, ... Tere pyaar main chamku jaise jugnu ... Tujhko ab door mujhse, ... Kuch na tujhse pehle tha ... kar na koi payega ... kuch na tere baad mein ... Sochna kya jaanejana ... Yeh haath tere haath mein ... Jo hoga dekha jayega ... Yeh duniya jaaye bhaadh mein ... Mujhko ab door mujhse, kar na koi payega ... Sochna kya jaanejana, jo hoga dekha jayega ... Raaha na pehle sa shy ab,\nsamjh main kuch naa aaye ab ... Bolo na kya kia jaaye ab ... Aankhon se neenden hai gaayab ... Khush main itna kyu hu? ... Tujhko tavajjo main kyu dun? ... Jaane kya hua mujhe, ... Tere pyaar main chamku jaise jugnu'); alias=default
DEBUG 2023-06-28 09:59:52,366 utils 15376 12144 (0.000) INSERT INTO "harvester_query" ("query") VALUES ('Bolo na kya kia jaaye ab') RETURNING "harvester_query"."id"; args=('Bolo na kya kia jaaye ab',); alias=default
DEBUG 2023-06-28 09:59:52,382 utils 15376 12144 (0.016) SELECT 1 AS "a" FROM "harvester_video" WHERE "harvester_video"."video_id" = '7px5PyrSFx4' LIMIT 1; args=(1, '7px5PyrSFx4'); alias=default
DEBUG 2023-06-28 09:59:53,932 utils 15376 12144 (0.000) SELECT 1 AS "a" FROM "harvester_video" WHERE "harvester_video"."video_id" = 'dzgq1JQp9VY' LIMIT 1; args=(1, 'dzgq1JQp9VY'); alias=default
DEBUG 2023-06-28 09:59:55,398 utils 15376 12144 (0.000) INSERT INTO "harvester_query" ("query") VALUES (' ') RETURNING "harvester_query"."id"; args=(' ',); alias=default
DEBUG 2023-06-28 09:59:55,400 utils 15376 12144 (0.000) SELECT 1 AS "a" FROM "harvester_video" WHERE "harvester_video"."video_id" = 'ysOEVbxrFpI' LIMIT 1; args=(1, 'ysOEVbxrFpI'); alias=default
DEBUG 2023-06-28 09:59:57,115 utils 15376 12144 (0.000) SELECT 1 AS "a" FROM "harvester_video" WHERE "harvester_video"."video_id" = 'zP97YVKrfsA' LIMIT 1; args=(1, 'zP97YVKrfsA'); alias=default
DEBUG 2023-06-28 09:59:58,525 utils 15376 12144 (0.000) INSERT INTO "harvester_video" ("video_id", "subtitle") VALUES ('zP97YVKrfsA', 'Meon - Meon    Meon - Meon ... Kisko Chodun Kisko Khaun ... Ek Taraf Hai Doodh Malai ... Ek Taraf Hai Chuhiya Aayi ... Ek Taraf Hai Doodh Malai ... Ek Taraf Hai Chuhiya Aayi ... Kisko Khaun -  Kisko Khaun ... Meon - Meon    Meon - Meon ... Ek Taraf Hai Malik Aaya ... Kitna Mota Danda Laya ... Ek Taraf Hai Kuta Aaya ... Ek Taraf Hai Malik Aaya ... Ek Taraf Hai Kuta Aaya ... Kidhar Jaun - Kidhar Jaun ... Meon - Meon    Meon - Meon ... Kidhar Jaun - Kidhar Jaun ... Meon - Meon    Meon - Meon ... Kisko Chodun Kisko Khaun ... Meon - Meon    Meon - Meon') RETURNING "harvester_video"."id"; args=('zP97YVKrfsA', 'Meon - Meon    Meon - Meon ... Kisko Chodun Kisko Khaun ... Ek Taraf Hai Doodh Malai ... Ek Taraf Hai Chuhiya Aayi ... Ek Taraf Hai Doodh Malai ... Ek Taraf Hai Chuhiya Aayi ... Kisko Khaun -  Kisko Khaun ... Meon - Meon    Meon - Meon ... Ek Taraf Hai Malik Aaya ... Kitna Mota Danda Laya ... Ek Taraf Hai Kuta Aaya ... Ek Taraf Hai Malik Aaya ... Ek Taraf Hai Kuta Aaya ... Kidhar Jaun - Kidhar Jaun ... Meon - Meon    Meon - Meon ... Kidhar Jaun - Kidhar Jaun ... Meon - Meon    Meon - Meon ... Kisko Chodun Kisko Khaun ... Meon - Meon    Meon - Meon'); alias=default
DEBUG 2023-06-28 09:59:58,526 utils 15376 12144 (0.000) INSERT INTO "harvester_query" ("query") VALUES ('Ek Taraf Hai Doodh Malai') RETURNING "harvester_query"."id"; args=('Ek Taraf Hai Doodh Malai',); alias=default
DEBUG 2023-06-28 09:59:58,530 utils 15376 12144 (0.000) SELECT 1 AS "a" FROM "harvester_video" WHERE "harvester_video"."video_id" = 'nnXpbTFrqXA' LIMIT 1; args=(1, 'nnXpbTFrqXA'); alias=default
DEBUG 2023-06-28 09:59:58,879 utils 15376 12144 (0.000) SELECT 1 AS "a" FROM "harvester_video" WHERE "harvester_video"."video_id" = 'v8ZxNTm4EAE' LIMIT 1; args=(1, 'v8ZxNTm4EAE'); alias=default
DEBUG 2023-06-28 09:59:59,193 utils 15376 12144 (0.000) SELECT 1 AS "a" FROM "harvester_video" WHERE "harvester_video"."video_id" = 'jspcidvhJek' LIMIT 1; args=(1, 'jspcidvhJek'); alias=default
DEBUG 2023-06-28 09:59:59,314 utils 15376 12144 (0.000) SELECT 1 AS "a" FROM "harvester_video" WHERE "harvester_video"."video_id" = '5AcH_5tlwAs' LIMIT 1; args=(1, '5AcH_5tlwAs'); alias=default
DEBUG 2023-06-28 09:59:59,421 utils 15376 12144 (0.016) SELECT 1 AS "a" FROM "harvester_video" WHERE "harvester_video"."video_id" = 'Nc8fG8aQ5_I' LIMIT 1; args=(1, 'Nc8fG8aQ5_I'); alias=default
DEBUG 2023-06-28 09:59:59,529 utils 15376 12144 (0.000) SELECT 1 AS "a" FROM "harvester_video" WHERE "harvester_video"."video_id" = '-pTz1zesK9s' LIMIT 1; args=(1, '-pTz1zesK9s'); alias=default
DEBUG 2023-06-28 09:59:59,641 utils 15376 12144 (0.000) SELECT 1 AS "a" FROM "harvester_video" WHERE "harvester_video"."video_id" = 'TaW7kOPi4qQ' LIMIT 1; args=(1, 'TaW7kOPi4qQ'); alias=default
DEBUG 2023-06-28 09:59:59,741 utils 15376 12144 (0.000) SELECT 1 AS "a" FROM "harvester_video" WHERE "harvester_video"."video_id" = '6WIED-WQkhI' LIMIT 1; args=(1, '6WIED-WQkhI'); alias=default
DEBUG 2023-06-28 09:59:59,841 utils 15376 12144 (0.000) SELECT 1 AS "a" FROM "harvester_video" WHERE "harvester_video"."video_id" = 'riC27cFM53k' LIMIT 1; args=(1, 'riC27cFM53k'); alias=default
DEBUG 2023-06-28 09:59:59,942 utils 15376 12144 (0.000) SELECT 1 AS "a" FROM "harvester_video" WHERE "harvester_video"."video_id" = 'rAR9aXnRX6k' LIMIT 1; args=(1, 'rAR9aXnRX6k'); alias=default
DEBUG 2023-06-28 10:00:00,045 utils 15376 12144 (0.000) SELECT 1 AS "a" FROM "harvester_video" WHERE "harvester_video"."video_id" = 'bQNUC_yt9fo' LIMIT 1; args=(1, 'bQNUC_yt9fo'); alias=default
DEBUG 2023-06-28 10:00:00,145 utils 15376 12144 (0.000) SELECT 1 AS "a" FROM "harvester_video" WHERE "harvester_video"."video_id" = 'BJdRMjhD1yo' LIMIT 1; args=(1, 'BJdRMjhD1yo'); alias=default
DEBUG 2023-06-28 10:00:00,254 utils 15376 12144 (0.000) SELECT 1 AS "a" FROM "harvester_video" WHERE "harvester_video"."video_id" = 'AiR0Z9X9o50' LIMIT 1; args=(1, 'AiR0Z9X9o50'); alias=default
DEBUG 2023-06-28 10:00:00,348 utils 15376 12144 (0.000) SELECT 1 AS "a" FROM "harvester_video" WHERE "harvester_video"."video_id" = 'OX90ghnwcZ8' LIMIT 1; args=(1, 'OX90ghnwcZ8'); alias=default
DEBUG 2023-06-28 10:00:00,445 utils 15376 12144 (0.000) SELECT 1 AS "a" FROM "harvester_video" WHERE "harvester_video"."video_id" = 'PKYjUOwAk38' LIMIT 1; args=(1, 'PKYjUOwAk38'); alias=default
DEBUG 2023-06-28 10:00:00,550 utils 15376 12144 (0.000) SELECT 1 AS "a" FROM "harvester_video" WHERE "harvester_video"."video_id" = 'T6wIbvOcAOQ' LIMIT 1; args=(1, 'T6wIbvOcAOQ'); alias=default
DEBUG 2023-06-28 10:00:00,649 utils 15376 12144 (0.000) DELETE FROM "harvester_query" WHERE "harvester_query"."id" IN (196); args=(196,); alias=default
DEBUG 2023-06-28 10:00:00,650 utils 15376 12144 (0.000) SELECT "harvester_systemstate"."id", "harvester_systemstate"."is_running" FROM "harvester_systemstate" ORDER BY "harvester_systemstate"."id" ASC LIMIT 1; args=(); alias=default
DEBUG 2023-06-28 10:00:00,653 utils 15376 12144 (0.000) SELECT "harvester_query"."id", "harvester_query"."query" FROM "harvester_query" ORDER BY RANDOM() ASC LIMIT 1; args=(); alias=default
DEBUG 2023-06-28 10:00:49,540 utils 21156 14424 (0.000) SELECT "harvester_systemstate"."id", "harvester_systemstate"."is_running" FROM "harvester_systemstate" WHERE "harvester_systemstate"."id" = 1 LIMIT 21; args=(1,); alias=default
DEBUG 2023-06-28 10:00:49,542 utils 21156 14424 (0.000) UPDATE "harvester_systemstate" SET "is_running" = false WHERE "harvester_systemstate"."id" = 1; args=(False, 1); alias=default
DEBUG 2023-06-28 10:00:50,533 utils 21156 14424 (0.000) SELECT "harvester_systemstate"."id", "harvester_systemstate"."is_running" FROM "harvester_systemstate" WHERE "harvester_systemstate"."id" = 1 LIMIT 21; args=(1,); alias=default
DEBUG 2023-06-28 10:00:50,536 utils 21156 14424 (0.000) SELECT "youtubeapi_apikey"."id", "youtubeapi_apikey"."key" FROM "youtubeapi_apikey" WHERE "youtubeapi_apikey"."id" = 1 LIMIT 21; args=(1,); alias=default
